<?xml version="1.0" encoding="UTF-8"?>
<testng-results skipped="0" failed="0" ignored="0" total="1" passed="1">
  <reporter-output>
  </reporter-output>
  <suite name="Default suite" duration-ms="7958" started-at="2023-09-27T18:53:22 SGT" finished-at="2023-09-27T18:53:30 SGT">
    <groups>
    </groups>
    <test name="Default test" duration-ms="7958" started-at="2023-09-27T18:53:22 SGT" finished-at="2023-09-27T18:53:30 SGT">
      <class name="Gemini.ShipmentAssignUnAssign">
        <test-method status="PASS" signature="runMe()[pri:0, instance:Gemini.ShipmentAssignUnAssign@1a3869f4]" name="runMe" duration-ms="7933" started-at="2023-09-27T18:53:22 SGT" finished-at="2023-09-27T18:53:30 SGT">
          <reporter-output>
          </reporter-output>
        </test-method> <!-- runMe -->
      </class> <!-- Gemini.ShipmentAssignUnAssign -->
    </test> <!-- Default test -->
  </suite> <!-- Default suite -->
</testng-results>
