<?xml version="1.0" encoding="UTF-8"?>
<testng-results skipped="0" failed="0" ignored="0" total="1" passed="1">
  <reporter-output>
  </reporter-output>
  <suite name="Default suite" duration-ms="6899" started-at="2021-03-20T04:20:07Z" finished-at="2021-03-20T04:20:14Z">
    <groups>
    </groups>
    <test name="Default test" duration-ms="6899" started-at="2021-03-20T04:20:07Z" finished-at="2021-03-20T04:20:14Z">
      <class name="test1.FirstClass">
        <test-method status="PASS" signature="firstMethod()[pri:0, instance:test1.FirstClass@31610302]" name="firstMethod" duration-ms="6852" started-at="2021-03-20T04:20:07Z" finished-at="2021-03-20T04:20:14Z">
          <reporter-output>
          </reporter-output>
        </test-method> <!-- firstMethod -->
      </class> <!-- test1.FirstClass -->
    </test> <!-- Default test -->
  </suite> <!-- Default suite -->
</testng-results>
